<?xml version="1.0" encoding="UTF-8"?>
<testng-results ignored="0" total="2" passed="2" failed="0" skipped="0">
  <reporter-output>
  </reporter-output>
  <suite started-at="2025-08-15T13:27:45 IST" name="MasterSuite" finished-at="2025-08-15T13:28:01 IST" duration-ms="15410">
    <groups>
      <group name="Master">
        <method signature="TC001_AccountRegistration.registerUser()[pri:0, instance:testCases.TC001_AccountRegistration@5143c662]" name="registerUser" class="testCases.TC001_AccountRegistration"/>
        <method signature="TC002_LoginTest.testLogin()[pri:0, instance:testCases.TC002_LoginTest@294a6b8e]" name="testLogin" class="testCases.TC002_LoginTest"/>
      </group> <!-- Master -->
      <group name="Sanity">
        <method signature="TC002_LoginTest.testLogin()[pri:0, instance:testCases.TC002_LoginTest@294a6b8e]" name="testLogin" class="testCases.TC002_LoginTest"/>
      </group> <!-- Sanity -->
      <group name="Regression">
        <method signature="TC001_AccountRegistration.registerUser()[pri:0, instance:testCases.TC001_AccountRegistration@5143c662]" name="registerUser" class="testCases.TC001_AccountRegistration"/>
      </group> <!-- Regression -->
    </groups>
    <test started-at="2025-08-15T13:27:45 IST" name="chromeMasterTest" finished-at="2025-08-15T13:28:01 IST" duration-ms="15410">
      <class name="testCases.TC002_LoginTest">
        <test-method is-config="true" signature="setupApp(java.lang.String,java.lang.String)[pri:0, instance:testCases.TC002_LoginTest@294a6b8e]" started-at="2025-08-15T13:27:54 IST" name="setupApp" finished-at="2025-08-15T13:27:57 IST" duration-ms="2820" status="PASS">
          <params>
            <param index="0">
              <value>
                <![CDATA[Windows]]>
              </value>
            </param>
            <param index="1">
              <value>
                <![CDATA[chrome]]>
              </value>
            </param>
          </params>
          <reporter-output>
          </reporter-output>
        </test-method> <!-- setupApp -->
        <test-method signature="testLogin()[pri:0, instance:testCases.TC002_LoginTest@294a6b8e]" started-at="2025-08-15T13:27:57 IST" name="testLogin" finished-at="2025-08-15T13:27:58 IST" duration-ms="1355" status="PASS">
          <reporter-output>
          </reporter-output>
        </test-method> <!-- testLogin -->
        <test-method is-config="true" signature="tearDown()[pri:0, instance:testCases.TC002_LoginTest@294a6b8e]" started-at="2025-08-15T13:27:58 IST" name="tearDown" finished-at="2025-08-15T13:28:01 IST" duration-ms="2280" status="PASS">
          <reporter-output>
          </reporter-output>
        </test-method> <!-- tearDown -->
      </class> <!-- testCases.TC002_LoginTest -->
      <class name="testCases.TC001_AccountRegistration">
        <test-method is-config="true" signature="setupApp(java.lang.String,java.lang.String)[pri:0, instance:testCases.TC001_AccountRegistration@5143c662]" started-at="2025-08-15T13:27:45 IST" name="setupApp" finished-at="2025-08-15T13:27:49 IST" duration-ms="3711" status="PASS">
          <params>
            <param index="0">
              <value>
                <![CDATA[Windows]]>
              </value>
            </param>
            <param index="1">
              <value>
                <![CDATA[chrome]]>
              </value>
            </param>
          </params>
          <reporter-output>
          </reporter-output>
        </test-method> <!-- setupApp -->
        <test-method signature="registerUser()[pri:0, instance:testCases.TC001_AccountRegistration@5143c662]" started-at="2025-08-15T13:27:49 IST" name="registerUser" finished-at="2025-08-15T13:27:52 IST" duration-ms="2580" status="PASS">
          <reporter-output>
          </reporter-output>
        </test-method> <!-- registerUser -->
        <test-method is-config="true" signature="tearDown()[pri:0, instance:testCases.TC001_AccountRegistration@5143c662]" started-at="2025-08-15T13:27:52 IST" name="tearDown" finished-at="2025-08-15T13:27:54 IST" duration-ms="2374" status="PASS">
          <reporter-output>
          </reporter-output>
        </test-method> <!-- tearDown -->
      </class> <!-- testCases.TC001_AccountRegistration -->
    </test> <!-- chromeMasterTest -->
  </suite> <!-- MasterSuite -->
</testng-results>
